c:\users\acer\source\repos\culinaryproductrecipe\debug\vc142.pdb
c:\users\acer\source\repos\culinaryproductrecipe\debug\vc142.idb
c:\users\acer\source\repos\culinaryproductrecipe\debug\reciepe.obj
c:\users\acer\source\repos\culinaryproductrecipe\debug\kulinarbook.obj
c:\users\acer\source\repos\culinaryproductrecipe\debug\culinaryproductrecipe.obj
c:\users\acer\source\repos\culinaryproductrecipe\debug\container.obj
c:\users\acer\source\repos\culinaryproductrecipe\debug\rangewarning.obj
c:\users\acer\source\repos\culinaryproductrecipe\debug\product.obj
c:\users\acer\source\repos\culinaryproductrecipe\debug\menu.obj
c:\users\acer\source\repos\culinaryproductrecipe\debug\lenarraywarning.obj
c:\users\acer\source\repos\culinaryproductrecipe\debug\ingredient.obj
c:\users\acer\source\repos\culinaryproductrecipe\debug\errorwarning.obj
c:\users\acer\source\repos\culinaryproductrecipe\debug\culinaryproductrecipe.exe
c:\users\acer\source\repos\culinaryproductrecipe\debug\culinaryproductrecipe.ilk
c:\users\acer\source\repos\culinaryproductrecipe\debug\culinaryproductrecipe.pdb
c:\users\acer\source\repos\culinaryproductrecipe\debug\culinary.92060070.tlog\cl.command.1.tlog
c:\users\acer\source\repos\culinaryproductrecipe\debug\culinary.92060070.tlog\cl.read.1.tlog
c:\users\acer\source\repos\culinaryproductrecipe\debug\culinary.92060070.tlog\cl.write.1.tlog
c:\users\acer\source\repos\culinaryproductrecipe\debug\culinary.92060070.tlog\link.command.1.tlog
c:\users\acer\source\repos\culinaryproductrecipe\debug\culinary.92060070.tlog\link.read.1.tlog
c:\users\acer\source\repos\culinaryproductrecipe\debug\culinary.92060070.tlog\link.write.1.tlog
